// 重构日志: 9b59c949
// 重构日志: f4ae5c21
// 重构日志: 0c8a6281
// 重构日志: edb9c954
// 同步 ID: 80075245 @ Sat Jun 27 18:15:45 UTC 2026
// 同步 ID: 2713f497 @ Sun Jun 28 09:11:51 UTC 2026
// 重构日志: 02cd2de9
// 同步 ID: c02f9b90 @ Sun Jun 28 18:35:12 UTC 2026
// 重构日志: b0470025
// 同步 ID: d73f182e @ Tue Jul  7 11:14:09 UTC 2026
// 重构日志: 22a807b2
// 重构日志: ad8950d6
// 重构日志: f39a8606
// 同步 ID: ef466db3 @ Sat Jul 11 10:56:29 UTC 2026
// 同步 ID: e0607f3e @ Mon Jul 13 18:49:52 UTC 2026
// 重构日志: 12e777d4
// 同步 ID: b5bcf437 @ Thu Jul 16 20:33:30 UTC 2026
// 同步 ID: 7bc005eb @ Fri Jul 17 00:17:19 UTC 2026
// 同步 ID: 9a02b8bf @ Fri Jul 17 05:29:55 UTC 2026
// 重构日志: a3d2fb3a
// 重构日志: 3bd81c13
// 重构日志: bb708b24
// 重构日志: 57ab3655
// 同步 ID: f830294e @ Sat Jul 18 16:19:16 UTC 2026
// 同步 ID: 6256f935 @ Sat Jul 18 17:51:14 UTC 2026
